Compiling the CXX compiler identification source file "CMakeCXXCompilerId.cpp" failed.
Compiler: /Library/Developer/CommandLineTools/usr/bin/c++ 
Build flags: 
Id flags:  

The output was:
1
ld: library not found for -lc++
clang: error: linker command failed with exit code 1 (use -v to see invocation)


Performing C++ SOURCE FILE Test CXXFLAG_WCAST_ALIGN_STRICT_OKAY failed with the following output:
Change Dir: /Users/zhao/Desktop/211 C++/2048_final_project/cmake-build-debug/CMakeFiles/CMakeTmp

Run Build Command(s):/Applications/CLion.app/Contents/bin/ninja/mac/ninja cmTC_6a991 && [1/2] Building CXX object CMakeFiles/cmTC_6a991.dir/src.cxx.o
warning: unknown warning option '-Wcast-align=strict'; did you mean '-Wcast-align'? [-Wunknown-warning-option]
1 warning generated.
[2/2] Linking CXX executable cmTC_6a991


Source file was:
int main() { return 0; }
Performing C++ SOURCE FILE Test CXXFLAG_WERROR_BOOL_COMPARE_OKAY failed with the following output:
Change Dir: /Users/zhao/Desktop/211 C++/2048_final_project/cmake-build-debug/CMakeFiles/CMakeTmp

Run Build Command(s):/Applications/CLion.app/Contents/bin/ninja/mac/ninja cmTC_d804a && [1/2] Building CXX object CMakeFiles/cmTC_d804a.dir/src.cxx.o
warning: unknown warning option '-Werror=bool-compare' [-Wunknown-warning-option]
1 warning generated.
[2/2] Linking CXX executable cmTC_d804a


Source file was:
int main() { return 0; }
